<?xml version="1.0" encoding="UTF-8"?>
<testsuite xmlns:xsi="http://www.w3.org/2001/XMLSchema-instance" xsi:noNamespaceSchemaLocation="https://maven.apache.org/surefire/maven-surefire-plugin/xsd/surefire-test-report-3.0.xsd" version="3.0" name="com.cart.ecom_proj.EcomProjApplicationTests" time="13.031" tests="1" errors="0" skipped="0" failures="0">
  <properties>
[...]
</properties>
  <testcase name="contextLoads" classname="com.cart.ecom_proj.EcomProjApplicationTests" time="2.356">
    <system-out><![CDATA[10:07:39.024 [main] INFO org.springframework.test.context.support.AnnotationConfigContextLoaderUtils -- Could not detect default configuration classes for test class [com.cart.ecom_proj.EcomProjApplicationTests]: EcomProjApplicationTests does not declare any static, non-private, non-final, nested classes annotated with @Configuration.
10:07:39.200 [main] INFO org.springframework.boot.test.context.SpringBootTestContextBootstrapper -- Found @SpringBootConfiguration com.cart.ecom_proj.EcomProjApplication for test class com.cart.ecom_proj.EcomProjApplicationTests
10:07:39.620 [main] INFO org.springframework.boot.devtools.restart.RestartApplicationListener -- Restart disabled due to context in which it is running

  .   ____          _            __ _ _
 /\\ / ___'_ __ _ _(_)_ __  __ _ \ \ \ \
( ( )\___ | '_ | '_| | '_ \/ _` | \ \ \ \
 \\/  ___)| |_)| | | | | || (_| |  ) ) ) )
  '  |____| .__|_| |_|_| |_\__, | / / / /
 =========|_|==============|___/=/_/_/_/

 :: Spring Boot ::                (v3.3.3)

2025-11-10T10:07:40.138+05:30  INFO 15476 --- [           main] c.c.ecom_proj.EcomProjApplicationTests   : Starting EcomProjApplicationTests using Java 23.0.2 with PID 15476 (started by Lenovo in C:\Users\Lenovo\Desktop\E-commerce Project\E-commerce Project\SpringBoot-Reactjs-Ecommerce\Ecommerce-Backend)
2025-11-10T10:07:40.140+05:30  INFO 15476 --- [           main] c.c.ecom_proj.EcomProjApplicationTests   : No active profile set, falling back to 1 default profile: "default"
2025-11-10T10:07:42.009+05:30  INFO 15476 --- [           main] .s.d.r.c.RepositoryConfigurationDelegate : Bootstrapping Spring Data JPA repositories in DEFAULT mode.
2025-11-10T10:07:42.130+05:30  INFO 15476 --- [           main] .s.d.r.c.RepositoryConfigurationDelegate : Finished Spring Data repository scanning in 101 ms. Found 1 JPA repository interface.
2025-11-10T10:07:43.520+05:30  INFO 15476 --- [           main] o.hibernate.jpa.internal.util.LogHelper  : HHH000204: Processing PersistenceUnitInfo [name: default]
2025-11-10T10:07:43.849+05:30  INFO 15476 --- [           main] org.hibernate.Version                    : HHH000412: Hibernate ORM core version 6.5.2.Final
2025-11-10T10:07:43.932+05:30  INFO 15476 --- [           main] o.h.c.internal.RegionFactoryInitiator    : HHH000026: Second-level cache disabled
2025-11-10T10:07:44.939+05:30  INFO 15476 --- [           main] o.s.o.j.p.SpringPersistenceUnitInfo      : No LoadTimeWeaver setup: ignoring JPA class transformer
2025-11-10T10:07:45.014+05:30  INFO 15476 --- [           main] com.zaxxer.hikari.HikariDataSource       : HikariPool-1 - Starting...
2025-11-10T10:07:45.228+05:30  INFO 15476 --- [           main] com.zaxxer.hikari.pool.HikariPool        : HikariPool-1 - Added connection org.mariadb.jdbc.Connection@590013c7
2025-11-10T10:07:45.231+05:30  INFO 15476 --- [           main] com.zaxxer.hikari.HikariDataSource       : HikariPool-1 - Start completed.
2025-11-10T10:07:45.283+05:30  WARN 15476 --- [           main] org.hibernate.orm.deprecation            : HHH90000025: MySQL8Dialect does not need to be specified explicitly using 'hibernate.dialect' (remove the property setting and it will be selected by default)
2025-11-10T10:07:45.286+05:30  WARN 15476 --- [           main] org.hibernate.orm.deprecation            : HHH90000026: MySQL8Dialect has been deprecated; use org.hibernate.dialect.MySQLDialect instead
2025-11-10T10:07:46.904+05:30  INFO 15476 --- [           main] o.h.e.t.j.p.i.JtaPlatformInitiator       : HHH000489: No JTA platform available (set 'hibernate.transaction.jta.platform' to enable JTA platform integration)
Hibernate: create table product (id integer not null auto_increment, brand varchar(255), category varchar(255), description varchar(255), image_date LONGBLOB, image_name varchar(255), image_type varchar(255), name varchar(255), price decimal(38,2), product_available bit not null, release_date date, stock_quantity integer not null, primary key (id)) engine=InnoDB
2025-11-10T10:07:46.984+05:30  INFO 15476 --- [           main] j.LocalContainerEntityManagerFactoryBean : Initialized JPA EntityManagerFactory for persistence unit 'default'
2025-11-10T10:07:47.413+05:30  INFO 15476 --- [           main] o.s.d.j.r.query.QueryEnhancerFactory     : Hibernate is in classpath; If applicable, HQL parser will be used.
2025-11-10T10:07:48.596+05:30  WARN 15476 --- [           main] JpaBaseConfiguration$JpaWebConfiguration : spring.jpa.open-in-view is enabled by default. Therefore, database queries may be performed during view rendering. Explicitly configure spring.jpa.open-in-view to disable this warning
2025-11-10T10:07:49.371+05:30  INFO 15476 --- [           main] c.c.ecom_proj.EcomProjApplicationTests   : Started EcomProjApplicationTests in 9.783 seconds (process running for 12.779)
]]></system-out>
    <system-err><![CDATA[WARNING: A Java agent has been loaded dynamically (C:\Users\Lenovo\.m2\repository\net\bytebuddy\byte-buddy-agent\1.14.19\byte-buddy-agent-1.14.19.jar)
WARNING: If a serviceability tool is in use, please run with -XX:+EnableDynamicAgentLoading to hide this warning
WARNING: If a serviceability tool is not in use, please run with -Djdk.instrument.traceUsage for more information
WARNING: Dynamic loading of agents will be disallowed by default in a future release
]]></system-err>
  </testcase>
</testsuite>